<?xml version="1.0" encoding="UTF-8"?>
<testsuite xmlns:xsi="http://www.w3.org/2001/XMLSchema-instance" xsi:noNamespaceSchemaLocation="https://maven.apache.org/surefire/maven-surefire-plugin/xsd/surefire-test-report-3.0.xsd" version="3.0" name="FunctionsTest" time="0.119" tests="7" errors="0" skipped="0" failures="0">
  <properties>
[...]
</properties>
  <testcase name="sqrootValid" classname="FunctionsTest" time="0.005"/>
  <testcase name="logeValid" classname="FunctionsTest" time="0"/>
  <testcase name="sqrootInvalid" classname="FunctionsTest" time="0.001"/>
  <testcase name="factorialInvalid" classname="FunctionsTest" time="0.001"/>
  <testcase name="powerValid" classname="FunctionsTest" time="0.001"/>
  <testcase name="factorialValid" classname="FunctionsTest" time="0.001"/>
  <testcase name="logeInvalid" classname="FunctionsTest" time="0.001"/>
</testsuite>